{"F:\\Otus\\Home Works\\home_work_les2\\src\\app\\mathOperators.ts": {"path":"F:\\Otus\\Home Works\\home_work_les2\\src\\app\\mathOperators.ts","statementMap":{"0":{"start":{"line":3,"column":40},"end":{"line":6,"column":18}},"1":{"start":{"line":6,"column":13},"end":{"line":6,"column":28}},"2":{"start":{"line":3,"column":13},"end":{"line":3,"column":40}},"3":{"start":{"line":8,"column":40},"end":{"line":11,"column":18}},"4":{"start":{"line":11,"column":13},"end":{"line":11,"column":28}},"5":{"start":{"line":8,"column":13},"end":{"line":8,"column":40}},"6":{"start":{"line":13,"column":40},"end":{"line":16,"column":18}},"7":{"start":{"line":16,"column":13},"end":{"line":16,"column":28}},"8":{"start":{"line":13,"column":13},"end":{"line":13,"column":40}},"9":{"start":{"line":18,"column":42},"end":{"line":21,"column":18}},"10":{"start":{"line":21,"column":13},"end":{"line":21,"column":28}},"11":{"start":{"line":18,"column":13},"end":{"line":18,"column":42}},"12":{"start":{"line":23,"column":22},"end":{"line":25,"column":1}},"13":{"start":{"line":24,"column":4},"end":{"line":24,"column":30}},"14":{"start":{"line":23,"column":13},"end":{"line":23,"column":22}},"15":{"start":{"line":27,"column":40},"end":{"line":30,"column":17}},"16":{"start":{"line":30,"column":13},"end":{"line":30,"column":37}},"17":{"start":{"line":27,"column":13},"end":{"line":27,"column":40}},"18":{"start":{"line":32,"column":13},"end":{"line":37,"column":2}},"19":{"start":{"line":39,"column":13},"end":{"line":39,"column":47}},"20":{"start":{"line":41,"column":24},"end":{"line":41,"column":39}},"21":{"start":{"line":43,"column":13},"end":{"line":48,"column":2}}},"fnMap":{"0":{"name":"(anonymous_0)","decl":{"start":{"line":3,"column":40},"end":{"line":3,"column":null}},"loc":{"start":{"line":5,"column":18},"end":{"line":6,"column":18}}},"1":{"name":"(anonymous_1)","decl":{"start":{"line":8,"column":40},"end":{"line":8,"column":null}},"loc":{"start":{"line":10,"column":18},"end":{"line":11,"column":18}}},"2":{"name":"(anonymous_2)","decl":{"start":{"line":13,"column":40},"end":{"line":13,"column":null}},"loc":{"start":{"line":15,"column":18},"end":{"line":16,"column":18}}},"3":{"name":"(anonymous_3)","decl":{"start":{"line":18,"column":42},"end":{"line":18,"column":null}},"loc":{"start":{"line":20,"column":18},"end":{"line":21,"column":18}}},"4":{"name":"(anonymous_4)","decl":{"start":{"line":23,"column":22},"end":{"line":23,"column":23}},"loc":{"start":{"line":23,"column":36},"end":{"line":25,"column":1}}},"5":{"name":"(anonymous_5)","decl":{"start":{"line":27,"column":40},"end":{"line":27,"column":null}},"loc":{"start":{"line":29,"column":18},"end":{"line":30,"column":17}}}},"branchMap":{},"s":{"0":1,"1":0,"2":1,"3":1,"4":0,"5":1,"6":1,"7":0,"8":1,"9":1,"10":0,"11":1,"12":1,"13":1,"14":1,"15":1,"16":0,"17":1,"18":1,"19":1,"20":2,"21":1},"f":{"0":0,"1":0,"2":0,"3":0,"4":1,"5":0},"b":{}}
}
